{"/Users/maikey/Documents/_Projects/klein-poc/src/contexts/AuthProvider.tsx": {"path":"/Users/maikey/Documents/_Projects/klein-poc/src/contexts/AuthProvider.tsx","statementMap":{"0":{"start":{"line":10,"column":27},"end":{"line":10,"column":80}},"1":{"start":{"line":17,"column":38},"end":{"line":17,"column":53}},"2":{"start":{"line":18,"column":36},"end":{"line":18,"column":51}},"3":{"start":{"line":20,"column":17},"end":{"line":30,"column":3}},"4":{"start":{"line":21,"column":4},"end":{"line":21,"column":22}},"5":{"start":{"line":22,"column":4},"end":{"line":29,"column":6}},"6":{"start":{"line":23,"column":6},"end":{"line":25,"column":14}},"7":{"start":{"line":24,"column":8},"end":{"line":24,"column":17}},"8":{"start":{"line":27,"column":6},"end":{"line":27,"column":25}},"9":{"start":{"line":28,"column":6},"end":{"line":28,"column":25}},"10":{"start":{"line":32,"column":18},"end":{"line":34,"column":3}},"11":{"start":{"line":33,"column":4},"end":{"line":33,"column":24}},"12":{"start":{"line":36,"column":2},"end":{"line":40,"column":3}}},"fnMap":{"0":{"name":"AuthProvider","decl":{"start":{"line":16,"column":24},"end":{"line":16,"column":36}},"loc":{"start":{"line":16,"column":70},"end":{"line":41,"column":1}},"line":16},"1":{"name":"(anonymous_1)","decl":{"start":{"line":20,"column":17},"end":{"line":20,"column":18}},"loc":{"start":{"line":20,"column":29},"end":{"line":30,"column":3}},"line":20},"2":{"name":"(anonymous_2)","decl":{"start":{"line":22,"column":29},"end":{"line":22,"column":30}},"loc":{"start":{"line":22,"column":42},"end":{"line":26,"column":5}},"line":22},"3":{"name":"(anonymous_3)","decl":{"start":{"line":23,"column":17},"end":{"line":23,"column":18}},"loc":{"start":{"line":23,"column":23},"end":{"line":25,"column":7}},"line":23},"4":{"name":"(anonymous_4)","decl":{"start":{"line":26,"column":12},"end":{"line":26,"column":13}},"loc":{"start":{"line":26,"column":18},"end":{"line":29,"column":5}},"line":26},"5":{"name":"(anonymous_5)","decl":{"start":{"line":32,"column":18},"end":{"line":32,"column":19}},"loc":{"start":{"line":32,"column":30},"end":{"line":34,"column":3}},"line":32}},"branchMap":{},"s":{"0":1,"1":2,"2":2,"3":2,"4":0,"5":0,"6":0,"7":0,"8":0,"9":0,"10":2,"11":0,"12":2},"f":{"0":2,"1":0,"2":0,"3":0,"4":0,"5":0},"b":{},"_coverageSchema":"1a1c01bbd47fc00a2c39e90264f33305004495a9","hash":"6e2e5cd05b633c59e0510e2dab1473f1b817644a"}
,"/Users/maikey/Documents/_Projects/klein-poc/src/hooks/useStyled.ts": {"path":"/Users/maikey/Documents/_Projects/klein-poc/src/hooks/useStyled.ts","statementMap":{"0":{"start":{"line":15,"column":15},"end":{"line":15,"column":34}},"1":{"start":{"line":16,"column":15},"end":{"line":16,"column":34}},"2":{"start":{"line":17,"column":20},"end":{"line":17,"column":44}},"3":{"start":{"line":18,"column":20},"end":{"line":18,"column":44}},"4":{"start":{"line":19,"column":21},"end":{"line":19,"column":46}},"5":{"start":{"line":20,"column":22},"end":{"line":20,"column":48}},"6":{"start":{"line":21,"column":33},"end":{"line":21,"column":70}},"7":{"start":{"line":23,"column":2},"end":{"line":31,"column":3}}},"fnMap":{"0":{"name":"useStyled","decl":{"start":{"line":14,"column":16},"end":{"line":14,"column":25}},"loc":{"start":{"line":14,"column":28},"end":{"line":32,"column":1}},"line":14}},"branchMap":{},"s":{"0":2,"1":2,"2":2,"3":2,"4":2,"5":2,"6":2,"7":2},"f":{"0":2},"b":{},"_coverageSchema":"1a1c01bbd47fc00a2c39e90264f33305004495a9","hash":"daea43d7d757126e0d34586672adaa09913047d2"}
,"/Users/maikey/Documents/_Projects/klein-poc/src/screens/TicketsScreen/components/TicketCard.tsx": {"path":"/Users/maikey/Documents/_Projects/klein-poc/src/screens/TicketsScreen/components/TicketCard.tsx","statementMap":{"0":{"start":{"line":11,"column":36},"end":{"line":30,"column":1}},"1":{"start":{"line":12,"column":25},"end":{"line":12,"column":36}},"2":{"start":{"line":13,"column":2},"end":{"line":29,"column":3}},"3":{"start":{"line":14,"column":37},"end":{"line":14,"column":61}}},"fnMap":{"0":{"name":"(anonymous_0)","decl":{"start":{"line":11,"column":36},"end":{"line":11,"column":37}},"loc":{"start":{"line":11,"column":67},"end":{"line":30,"column":1}},"line":11},"1":{"name":"(anonymous_1)","decl":{"start":{"line":14,"column":31},"end":{"line":14,"column":32}},"loc":{"start":{"line":14,"column":37},"end":{"line":14,"column":61}},"line":14}},"branchMap":{},"s":{"0":1,"1":2,"2":2,"3":0},"f":{"0":2,"1":0},"b":{},"_coverageSchema":"1a1c01bbd47fc00a2c39e90264f33305004495a9","hash":"7df281cbe27fe94ad36dd9ec548235bcca677b97"}
,"/Users/maikey/Documents/_Projects/klein-poc/src/utils/test-utils.js": {"path":"/Users/maikey/Documents/_Projects/klein-poc/src/utils/test-utils.js","statementMap":{"0":{"start":{"line":5,"column":20},"end":{"line":5,"column":37}},"1":{"start":{"line":7,"column":24},"end":{"line":13,"column":1}},"2":{"start":{"line":8,"column":2},"end":{"line":12,"column":3}},"3":{"start":{"line":15,"column":21},"end":{"line":16,"column":54}},"4":{"start":{"line":16,"column":2},"end":{"line":16,"column":54}}},"fnMap":{"0":{"name":"(anonymous_0)","decl":{"start":{"line":7,"column":24},"end":{"line":7,"column":25}},"loc":{"start":{"line":7,"column":42},"end":{"line":13,"column":1}},"line":7},"1":{"name":"(anonymous_1)","decl":{"start":{"line":15,"column":21},"end":{"line":15,"column":22}},"loc":{"start":{"line":16,"column":2},"end":{"line":16,"column":54}},"line":16}},"branchMap":{},"s":{"0":1,"1":1,"2":2,"3":1,"4":2},"f":{"0":2,"1":2},"b":{},"_coverageSchema":"1a1c01bbd47fc00a2c39e90264f33305004495a9","hash":"b62840eb93785eddcecf37630e7bdf4722119d8f"}
}
