{"C:\\Users\\Maikey Werk\\Documents\\_Projects\\hello-world\\components\\StyledText.tsx": {"path":"C:\\Users\\Maikey Werk\\Documents\\_Projects\\hello-world\\components\\StyledText.tsx","statementMap":{"0":{"start":{"line":4,"column":2},"end":{"line":4,"column":80}}},"fnMap":{"0":{"name":"MonoText","decl":{"start":{"line":3,"column":16},"end":{"line":3,"column":24}},"loc":{"start":{"line":3,"column":43},"end":{"line":5,"column":1}},"line":3}},"branchMap":{},"s":{"0":1},"f":{"0":1},"b":{},"_coverageSchema":"1a1c01bbd47fc00a2c39e90264f33305004495a9","hash":"469163de016e26c436af5b7183240b42ac252d63"}
,"C:\\Users\\Maikey Werk\\Documents\\_Projects\\hello-world\\components\\Themed.tsx": {"path":"C:\\Users\\Maikey Werk\\Documents\\_Projects\\hello-world\\components\\Themed.tsx","statementMap":{"0":{"start":{"line":15,"column":16},"end":{"line":15,"column":32}},"1":{"start":{"line":16,"column":25},"end":{"line":16,"column":37}},"2":{"start":{"line":18,"column":2},"end":{"line":22,"column":3}},"3":{"start":{"line":19,"column":4},"end":{"line":19,"column":25}},"4":{"start":{"line":21,"column":4},"end":{"line":21,"column":35}},"5":{"start":{"line":34,"column":58},"end":{"line":34,"column":63}},"6":{"start":{"line":35,"column":16},"end":{"line":35,"column":77}},"7":{"start":{"line":37,"column":2},"end":{"line":37,"column":67}},"8":{"start":{"line":41,"column":58},"end":{"line":41,"column":63}},"9":{"start":{"line":42,"column":26},"end":{"line":45,"column":3}},"10":{"start":{"line":47,"column":2},"end":{"line":47,"column":77}}},"fnMap":{"0":{"name":"useThemeColor","decl":{"start":{"line":11,"column":16},"end":{"line":11,"column":29}},"loc":{"start":{"line":14,"column":2},"end":{"line":23,"column":1}},"line":14},"1":{"name":"Text","decl":{"start":{"line":33,"column":16},"end":{"line":33,"column":20}},"loc":{"start":{"line":33,"column":39},"end":{"line":38,"column":1}},"line":33},"2":{"name":"View","decl":{"start":{"line":40,"column":16},"end":{"line":40,"column":20}},"loc":{"start":{"line":40,"column":39},"end":{"line":48,"column":1}},"line":40}},"branchMap":{"0":{"loc":{"start":{"line":18,"column":2},"end":{"line":22,"column":3}},"type":"if","locations":[{"start":{"line":18,"column":2},"end":{"line":22,"column":3}},{"start":{"line":20,"column":9},"end":{"line":22,"column":3}}],"line":18}},"s":{"0":1,"1":1,"2":1,"3":0,"4":1,"5":1,"6":1,"7":1,"8":0,"9":0,"10":0},"f":{"0":1,"1":1,"2":0},"b":{"0":[0,1]},"_coverageSchema":"1a1c01bbd47fc00a2c39e90264f33305004495a9","hash":"0d8f8bbddd3f84f0b5a1dd87f5639ef09d26285a"}
,"C:\\Users\\Maikey Werk\\Documents\\_Projects\\hello-world\\constants\\Colors.ts": {"path":"C:\\Users\\Maikey Werk\\Documents\\_Projects\\hello-world\\constants\\Colors.ts","statementMap":{"0":{"start":{"line":1,"column":23},"end":{"line":1,"column":32}},"1":{"start":{"line":2,"column":22},"end":{"line":2,"column":28}}},"fnMap":{},"branchMap":{},"s":{"0":1,"1":1},"f":{},"b":{},"_coverageSchema":"1a1c01bbd47fc00a2c39e90264f33305004495a9","hash":"719f171f09bdc1f31cad588d493c28c82425c0b2"}
,"C:\\Users\\Maikey Werk\\Documents\\_Projects\\hello-world\\hooks\\useColorScheme.ts": {"path":"C:\\Users\\Maikey Werk\\Documents\\_Projects\\hello-world\\hooks\\useColorScheme.ts","statementMap":{"0":{"start":{"line":10,"column":2},"end":{"line":10,"column":58}}},"fnMap":{"0":{"name":"useColorScheme","decl":{"start":{"line":9,"column":24},"end":{"line":9,"column":38}},"loc":{"start":{"line":9,"column":71},"end":{"line":11,"column":1}},"line":9}},"branchMap":{},"s":{"0":1},"f":{"0":1},"b":{},"_coverageSchema":"1a1c01bbd47fc00a2c39e90264f33305004495a9","hash":"58c49286e7b91430c7fd84f61376cb951aec0c6d"}
}
