TN:
SF:src/contexts/AuthProvider.tsx
FN:16,AuthProvider
FN:20,(anonymous_1)
FN:22,(anonymous_2)
FN:23,(anonymous_3)
FN:26,(anonymous_4)
FN:32,(anonymous_5)
FNF:6
FNH:1
FNDA:2,AuthProvider
FNDA:0,(anonymous_1)
FNDA:0,(anonymous_2)
FNDA:0,(anonymous_3)
FNDA:0,(anonymous_4)
FNDA:0,(anonymous_5)
DA:10,1
DA:17,2
DA:18,2
DA:20,2
DA:21,0
DA:22,0
DA:23,0
DA:24,0
DA:27,0
DA:28,0
DA:32,2
DA:33,0
DA:36,2
LF:13
LH:6
BRF:0
BRH:0
end_of_record
TN:
SF:src/hooks/useStyled.ts
FN:14,useStyled
FNF:1
FNH:1
FNDA:2,useStyled
DA:15,2
DA:16,2
DA:17,2
DA:18,2
DA:19,2
DA:20,2
DA:21,2
DA:23,2
LF:8
LH:8
BRF:0
BRH:0
end_of_record
TN:
SF:src/screens/TicketsScreen/components/TicketCard.tsx
FN:11,(anonymous_0)
FN:14,(anonymous_1)
FNF:2
FNH:1
FNDA:2,(anonymous_0)
FNDA:0,(anonymous_1)
DA:11,1
DA:12,2
DA:13,2
DA:14,0
LF:4
LH:3
BRF:0
BRH:0
end_of_record
TN:
SF:src/utils/test-utils.js
FN:7,(anonymous_0)
FN:15,(anonymous_1)
FNF:2
FNH:2
FNDA:2,(anonymous_0)
FNDA:2,(anonymous_1)
DA:5,1
DA:7,1
DA:8,2
DA:15,1
DA:16,2
LF:5
LH:5
BRF:0
BRH:0
end_of_record
